0 info it worked if it ends with ok
1 verbose cli [ '/usr/bin/node',
1 verbose cli   '/usr/bin/npm',
1 verbose cli   'i',
1 verbose cli   'mocha',
1 verbose cli   'supertert',
1 verbose cli   '--save-dev' ]
2 info using npm@3.5.2
3 info using node@v8.10.0
4 silly loadCurrentTree Starting
5 silly install loadCurrentTree
6 silly install readLocalPackageData
7 silly fetchPackageMetaData mocha
8 silly fetchPackageMetaData supertert
9 silly fetchNamedPackageData mocha
10 silly mapToRegistry name mocha
11 silly mapToRegistry using default registry
12 silly mapToRegistry registry https://registry.npmjs.org/
13 silly mapToRegistry uri https://registry.npmjs.org/mocha
14 silly fetchNamedPackageData supertert
15 silly mapToRegistry name supertert
16 silly mapToRegistry using default registry
17 silly mapToRegistry registry https://registry.npmjs.org/
18 silly mapToRegistry uri https://registry.npmjs.org/supertert
19 verbose request uri https://registry.npmjs.org/mocha
20 verbose request no auth needed
21 info attempt registry request try #1 at 12:39:09 PM
22 verbose request id 1120d616576fdfb1
23 http request GET https://registry.npmjs.org/mocha
24 verbose request uri https://registry.npmjs.org/supertert
25 verbose request no auth needed
26 info attempt registry request try #1 at 12:39:09 PM
27 http request GET https://registry.npmjs.org/supertert
28 http 200 https://registry.npmjs.org/mocha
29 verbose headers { date: 'Wed, 30 Sep 2020 15:39:10 GMT',
29 verbose headers   'content-type': 'application/json',
29 verbose headers   'transfer-encoding': 'chunked',
29 verbose headers   connection: 'keep-alive',
29 verbose headers   'set-cookie':
29 verbose headers    [ '__cfduid=d43ebe4cfb5bdf289d0d057dad312bb641601480350; expires=Fri, 30-Oct-20 15:39:10 GMT; path=/; domain=.npmjs.org; HttpOnly; SameSite=Lax' ],
29 verbose headers   'cf-ray': '5daf09012a85f633-GRU',
29 verbose headers   age: '6680',
29 verbose headers   'cache-control': 'public, max-age=300',
29 verbose headers   etag: 'W/"81a433dbd5a2091acde5f4ef347708be"',
29 verbose headers   'last-modified': 'Fri, 28 Aug 2020 20:54:54 GMT',
29 verbose headers   vary: 'accept-encoding, accept',
29 verbose headers   'cf-cache-status': 'HIT',
29 verbose headers   'cf-request-id': '058143f4b80000f633b0310200000001',
29 verbose headers   'expect-ct': 'max-age=604800, report-uri="https://report-uri.cloudflare.com/cdn-cgi/beacon/expect-ct"',
29 verbose headers   server: 'cloudflare',
29 verbose headers   'content-encoding': 'gzip' }
30 silly get cb [ 200,
30 silly get   { date: 'Wed, 30 Sep 2020 15:39:10 GMT',
30 silly get     'content-type': 'application/json',
30 silly get     'transfer-encoding': 'chunked',
30 silly get     connection: 'keep-alive',
30 silly get     'set-cookie':
30 silly get      [ '__cfduid=d43ebe4cfb5bdf289d0d057dad312bb641601480350; expires=Fri, 30-Oct-20 15:39:10 GMT; path=/; domain=.npmjs.org; HttpOnly; SameSite=Lax' ],
30 silly get     'cf-ray': '5daf09012a85f633-GRU',
30 silly get     age: '6680',
30 silly get     'cache-control': 'public, max-age=300',
30 silly get     etag: 'W/"81a433dbd5a2091acde5f4ef347708be"',
30 silly get     'last-modified': 'Fri, 28 Aug 2020 20:54:54 GMT',
30 silly get     vary: 'accept-encoding, accept',
30 silly get     'cf-cache-status': 'HIT',
30 silly get     'cf-request-id': '058143f4b80000f633b0310200000001',
30 silly get     'expect-ct': 'max-age=604800, report-uri="https://report-uri.cloudflare.com/cdn-cgi/beacon/expect-ct"',
30 silly get     server: 'cloudflare',
30 silly get     'content-encoding': 'gzip' } ]
31 verbose get saving mocha to /home/tbitenco/.npm/registry.npmjs.org/mocha/.cache.json
32 http 404 https://registry.npmjs.org/supertert
33 verbose headers { date: 'Wed, 30 Sep 2020 15:39:11 GMT',
33 verbose headers   'content-type': 'application/json',
33 verbose headers   'content-length': '21',
33 verbose headers   connection: 'keep-alive',
33 verbose headers   'set-cookie':
33 verbose headers    [ '__cfduid=dea14fa6cc383bb88cab6a0865e311ac11601480350; expires=Fri, 30-Oct-20 15:39:10 GMT; path=/; domain=.npmjs.org; HttpOnly; SameSite=Lax' ],
33 verbose headers   'cf-ray': '5daf09017f1df61b-GRU',
33 verbose headers   vary: 'Accept-Encoding',
33 verbose headers   'cf-cache-status': 'MISS',
33 verbose headers   'cf-request-id': '058143f4e80000f61b7832f200000001',
33 verbose headers   'expect-ct': 'max-age=604800, report-uri="https://report-uri.cloudflare.com/cdn-cgi/beacon/expect-ct"',
33 verbose headers   server: 'cloudflare' }
34 silly get cb [ 404,
34 silly get   { date: 'Wed, 30 Sep 2020 15:39:11 GMT',
34 silly get     'content-type': 'application/json',
34 silly get     'content-length': '21',
34 silly get     connection: 'keep-alive',
34 silly get     'set-cookie':
34 silly get      [ '__cfduid=dea14fa6cc383bb88cab6a0865e311ac11601480350; expires=Fri, 30-Oct-20 15:39:10 GMT; path=/; domain=.npmjs.org; HttpOnly; SameSite=Lax' ],
34 silly get     'cf-ray': '5daf09017f1df61b-GRU',
34 silly get     vary: 'Accept-Encoding',
34 silly get     'cf-cache-status': 'MISS',
34 silly get     'cf-request-id': '058143f4e80000f61b7832f200000001',
34 silly get     'expect-ct': 'max-age=604800, report-uri="https://report-uri.cloudflare.com/cdn-cgi/beacon/expect-ct"',
34 silly get     server: 'cloudflare' } ]
35 silly fetchPackageMetaData Error: Not found : supertert
35 silly fetchPackageMetaData     at makeError (/usr/share/npm/node_modules/npm-registry-client/lib/request.js:264:12)
35 silly fetchPackageMetaData     at CachingRegistryClient.<anonymous> (/usr/share/npm/node_modules/npm-registry-client/lib/request.js:252:14)
35 silly fetchPackageMetaData     at Request._callback (/usr/share/npm/node_modules/npm-registry-client/lib/request.js:172:14)
35 silly fetchPackageMetaData     at Request.self.callback (/usr/share/npm/node_modules/request/request.js:198:22)
35 silly fetchPackageMetaData     at emitTwo (events.js:126:13)
35 silly fetchPackageMetaData     at Request.emit (events.js:214:7)
35 silly fetchPackageMetaData     at Request.<anonymous> (/usr/share/npm/node_modules/request/request.js:1082:10)
35 silly fetchPackageMetaData     at emitOne (events.js:121:20)
35 silly fetchPackageMetaData     at Request.emit (events.js:211:7)
35 silly fetchPackageMetaData     at IncomingMessage.<anonymous> (/usr/share/npm/node_modules/request/request.js:1009:12)
35 silly fetchPackageMetaData  error for supertert { Error: Not found : supertert
35 silly fetchPackageMetaData     at makeError (/usr/share/npm/node_modules/npm-registry-client/lib/request.js:264:12)
35 silly fetchPackageMetaData     at CachingRegistryClient.<anonymous> (/usr/share/npm/node_modules/npm-registry-client/lib/request.js:252:14)
35 silly fetchPackageMetaData     at Request._callback (/usr/share/npm/node_modules/npm-registry-client/lib/request.js:172:14)
35 silly fetchPackageMetaData     at Request.self.callback (/usr/share/npm/node_modules/request/request.js:198:22)
35 silly fetchPackageMetaData     at emitTwo (events.js:126:13)
35 silly fetchPackageMetaData     at Request.emit (events.js:214:7)
35 silly fetchPackageMetaData     at Request.<anonymous> (/usr/share/npm/node_modules/request/request.js:1082:10)
35 silly fetchPackageMetaData     at emitOne (events.js:121:20)
35 silly fetchPackageMetaData     at Request.emit (events.js:211:7)
35 silly fetchPackageMetaData     at IncomingMessage.<anonymous> (/usr/share/npm/node_modules/request/request.js:1009:12) pkgid: 'supertert', statusCode: 404, code: 'E404' }
36 silly rollbackFailedOptional Starting
37 silly rollbackFailedOptional Finishing
38 silly runTopLevelLifecycles Starting
39 silly runTopLevelLifecycles Finishing
40 silly install printInstalled
41 verbose stack Error: Not found : supertert
41 verbose stack     at makeError (/usr/share/npm/node_modules/npm-registry-client/lib/request.js:264:12)
41 verbose stack     at CachingRegistryClient.<anonymous> (/usr/share/npm/node_modules/npm-registry-client/lib/request.js:252:14)
41 verbose stack     at Request._callback (/usr/share/npm/node_modules/npm-registry-client/lib/request.js:172:14)
41 verbose stack     at Request.self.callback (/usr/share/npm/node_modules/request/request.js:198:22)
41 verbose stack     at emitTwo (events.js:126:13)
41 verbose stack     at Request.emit (events.js:214:7)
41 verbose stack     at Request.<anonymous> (/usr/share/npm/node_modules/request/request.js:1082:10)
41 verbose stack     at emitOne (events.js:121:20)
41 verbose stack     at Request.emit (events.js:211:7)
41 verbose stack     at IncomingMessage.<anonymous> (/usr/share/npm/node_modules/request/request.js:1009:12)
42 verbose statusCode 404
43 verbose pkgid supertert
44 verbose cwd /home/tbitenco/node-github-demo
45 error Linux 4.19.128-microsoft-standard
46 error argv "/usr/bin/node" "/usr/bin/npm" "i" "mocha" "supertert" "--save-dev"
47 error node v8.10.0
48 error npm  v3.5.2
49 error code E404
50 error 404 Not found : supertert
51 error 404
52 error 404 'supertert' is not in the npm registry.
53 error 404 You should bug the author to publish it (or use the name yourself!)
54 error 404 Note that you can also install from a
55 error 404 tarball, folder, http url, or git url.
56 verbose exit [ 1, true ]
